2011-07-21 12:31:08,561 [http-8080-4] ERROR StackTrace  - Sanitizing stacktrace:
org.codehaus.groovy.grails.web.servlet.mvc.exceptions.ControllerExecutionException: Unable to load template for uri [/event/_listAllEvents.gsp]. Template not found.
	at org.codehaus.groovy.grails.web.metaclass.RenderDynamicMethod.renderTemplate(RenderDynamicMethod.java:237)
	at org.codehaus.groovy.grails.web.metaclass.RenderDynamicMethod.invoke(RenderDynamicMethod.java:188)
	at sun.reflect.NativeMethodAccessorImpl.invoke0(Native Method)
	at sun.reflect.NativeMethodAccessorImpl.invoke(NativeMethodAccessorImpl.java:39)
	at sun.reflect.DelegatingMethodAccessorImpl.invoke(DelegatingMethodAccessorImpl.java:25)
	at java.lang.reflect.Method.invoke(Method.java:597)
	at org.codehaus.groovy.runtime.callsite.PojoMetaMethodSite$PojoCachedMethodSite.invoke(PojoMetaMethodSite.java:188)
	at org.codehaus.groovy.runtime.callsite.PojoMetaMethodSite.call(PojoMetaMethodSite.java:52)
	at org.codehaus.groovy.runtime.callsite.CallSiteArray.defaultCall(CallSiteArray.java:40)
	at org.codehaus.groovy.runtime.callsite.AbstractCallSite.call(AbstractCallSite.java:116)
	at org.codehaus.groovy.runtime.callsite.AbstractCallSite.call(AbstractCallSite.java:132)
	at org.codehaus.groovy.grails.plugins.web.ControllersGrailsPlugin$_registerControllerMethods_closure19.doCall(ControllersGrailsPlugin.groovy:290)
	at sun.reflect.NativeMethodAccessorImpl.invoke0(Native Method)
	at sun.reflect.NativeMethodAccessorImpl.invoke(NativeMethodAccessorImpl.java:39)
	at sun.reflect.DelegatingMethodAccessorImpl.invoke(DelegatingMethodAccessorImpl.java:25)
	at java.lang.reflect.Method.invoke(Method.java:597)
	at org.codehaus.groovy.reflection.CachedMethod.invoke(CachedMethod.java:90)
	at org.codehaus.groovy.runtime.metaclass.ClosureMetaMethod.invoke(ClosureMetaMethod.java:80)
	at groovy.lang.MetaMethod.doMethodInvoke(MetaMethod.java:233)
	at groovy.lang.MetaClassImpl.invokeMethod(MetaClassImpl.java:1058)
	at groovy.lang.ExpandoMetaClass.invokeMethod(ExpandoMetaClass.java:1070)
	at groovy.lang.MetaClassImpl.invokeMethod(MetaClassImpl.java:886)
	at groovy.lang.MetaClassImpl.invokeMethod(MetaClassImpl.java:1003)
	at groovy.lang.ExpandoMetaClass.invokeMethod(ExpandoMetaClass.java:1070)
	at groovy.lang.MetaClassImpl.invokeMethod(MetaClassImpl.java:886)
	at org.codehaus.groovy.runtime.callsite.PogoMetaClassSite.callCurrent(PogoMetaClassSite.java:66)
	at org.codehaus.groovy.runtime.callsite.CallSiteArray.defaultCallCurrent(CallSiteArray.java:44)
	at org.codehaus.groovy.runtime.callsite.AbstractCallSite.callCurrent(AbstractCallSite.java:141)
	at org.codehaus.groovy.runtime.callsite.AbstractCallSite.callCurrent(AbstractCallSite.java:149)
	at openmessenger.EventController$_closure1.doCall(EventController.groovy:9)
	at sun.reflect.NativeMethodAccessorImpl.invoke0(Native Method)
	at sun.reflect.NativeMethodAccessorImpl.invoke(NativeMethodAccessorImpl.java:39)
	at sun.reflect.DelegatingMethodAccessorImpl.invoke(DelegatingMethodAccessorImpl.java:25)
	at java.lang.reflect.Method.invoke(Method.java:597)
	at org.codehaus.groovy.runtime.callsite.PogoMetaMethodSite$PogoCachedMethodSite.invoke(PogoMetaMethodSite.java:225)
	at org.codehaus.groovy.runtime.callsite.PogoMetaMethodSite.callCurrent(PogoMetaMethodSite.java:51)
	at org.codehaus.groovy.runtime.callsite.CallSiteArray.defaultCallCurrent(CallSiteArray.java:44)
	at org.codehaus.groovy.runtime.callsite.AbstractCallSite.callCurrent(AbstractCallSite.java:141)
	at org.codehaus.groovy.runtime.callsite.AbstractCallSite.callCurrent(AbstractCallSite.java:149)
	at openmessenger.EventController$_closure1.doCall(EventController.groovy)
	at sun.reflect.NativeMethodAccessorImpl.invoke0(Native Method)
	at sun.reflect.NativeMethodAccessorImpl.invoke(NativeMethodAccessorImpl.java:39)
	at sun.reflect.DelegatingMethodAccessorImpl.invoke(DelegatingMethodAccessorImpl.java:25)
	at java.lang.reflect.Method.invoke(Method.java:597)
	at org.codehaus.groovy.reflection.CachedMethod.invoke(CachedMethod.java:90)
	at groovy.lang.MetaMethod.doMethodInvoke(MetaMethod.java:233)
	at groovy.lang.MetaClassImpl.invokeMethod(MetaClassImpl.java:1058)
	at groovy.lang.ExpandoMetaClass.invokeMethod(ExpandoMetaClass.java:1070)
	at groovy.lang.MetaClassImpl.invokeMethod(MetaClassImpl.java:886)
	at groovy.lang.Closure.call(Closure.java:282)
	at groovy.lang.Closure.call(Closure.java:277)
	at org.codehaus.groovy.grails.web.servlet.mvc.SimpleGrailsControllerHelper.handleAction(SimpleGrailsControllerHelper.java:368)
	at org.codehaus.groovy.grails.web.servlet.mvc.SimpleGrailsControllerHelper.executeAction(SimpleGrailsControllerHelper.java:232)
	at org.codehaus.groovy.grails.web.servlet.mvc.SimpleGrailsControllerHelper.handleURI(SimpleGrailsControllerHelper.java:190)
	at org.codehaus.groovy.grails.web.servlet.mvc.SimpleGrailsControllerHelper.handleURI(SimpleGrailsControllerHelper.java:129)
	at org.codehaus.groovy.grails.web.servlet.mvc.SimpleGrailsController.handleRequest(SimpleGrailsController.java:73)
	at org.springframework.web.servlet.mvc.SimpleControllerHandlerAdapter.handle(SimpleControllerHandlerAdapter.java:48)
	at org.codehaus.groovy.grails.web.servlet.GrailsDispatcherServlet.doDispatch(GrailsDispatcherServlet.java:292)
	at org.springframework.web.servlet.DispatcherServlet.doService(DispatcherServlet.java:719)
	at org.springframework.web.servlet.FrameworkServlet.processRequest(FrameworkServlet.java:644)
	at org.springframework.web.servlet.FrameworkServlet.doGet(FrameworkServlet.java:549)
	at javax.servlet.http.HttpServlet.service(HttpServlet.java:707)
	at javax.servlet.http.HttpServlet.service(HttpServlet.java:820)
	at org.apache.catalina.core.ApplicationFilterChain.internalDoFilter(ApplicationFilterChain.java:290)
	at org.apache.catalina.core.ApplicationFilterChain.doFilter(ApplicationFilterChain.java:206)
	at org.springframework.web.filter.OncePerRequestFilter.doFilter(OncePerRequestFilter.java:70)
	at org.apache.catalina.core.ApplicationFilterChain.internalDoFilter(ApplicationFilterChain.java:235)
	at org.apache.catalina.core.ApplicationFilterChain.doFilter(ApplicationFilterChain.java:206)
	at org.springframework.web.filter.OncePerRequestFilter.doFilter(OncePerRequestFilter.java:70)
	at org.apache.catalina.core.ApplicationFilterChain.internalDoFilter(ApplicationFilterChain.java:235)
	at org.apache.catalina.core.ApplicationFilterChain.doFilter(ApplicationFilterChain.java:206)
	at org.springframework.web.filter.OncePerRequestFilter.doFilter(OncePerRequestFilter.java:70)
	at org.apache.catalina.core.ApplicationFilterChain.internalDoFilter(ApplicationFilterChain.java:235)
	at org.apache.catalina.core.ApplicationFilterChain.doFilter(ApplicationFilterChain.java:206)
	at org.springframework.web.filter.OncePerRequestFilter.doFilter(OncePerRequestFilter.java:70)
	at org.apache.catalina.core.ApplicationFilterChain.internalDoFilter(ApplicationFilterChain.java:235)
	at org.apache.catalina.core.ApplicationFilterChain.doFilter(ApplicationFilterChain.java:206)
	at org.apache.catalina.core.ApplicationDispatcher.invoke(ApplicationDispatcher.java:646)
	at org.apache.catalina.core.ApplicationDispatcher.processRequest(ApplicationDispatcher.java:436)
	at org.apache.catalina.core.ApplicationDispatcher.doForward(ApplicationDispatcher.java:374)
	at org.apache.catalina.core.ApplicationDispatcher.forward(ApplicationDispatcher.java:302)
	at org.codehaus.groovy.grails.web.util.WebUtils.forwardRequestForUrlMappingInfo(WebUtils.java:298)
	at org.codehaus.groovy.grails.web.util.WebUtils.forwardRequestForUrlMappingInfo(WebUtils.java:264)
	at org.codehaus.groovy.grails.web.util.WebUtils.forwardRequestForUrlMappingInfo(WebUtils.java:255)
	at org.codehaus.groovy.grails.web.mapping.filter.UrlMappingsFilter.doFilterInternal(UrlMappingsFilter.java:183)
	at org.springframework.web.filter.OncePerRequestFilter.doFilter(OncePerRequestFilter.java:76)
	at org.apache.catalina.core.ApplicationFilterChain.internalDoFilter(ApplicationFilterChain.java:235)
	at org.apache.catalina.core.ApplicationFilterChain.doFilter(ApplicationFilterChain.java:206)
	at org.codehaus.groovy.grails.web.sitemesh.GrailsPageFilter.obtainContent(GrailsPageFilter.java:245)
	at org.codehaus.groovy.grails.web.sitemesh.GrailsPageFilter.doFilter(GrailsPageFilter.java:134)
	at org.apache.catalina.core.ApplicationFilterChain.internalDoFilter(ApplicationFilterChain.java:235)
	at org.apache.catalina.core.ApplicationFilterChain.doFilter(ApplicationFilterChain.java:206)
	at org.codehaus.groovy.grails.web.servlet.filter.GrailsReloadServletFilter.doFilterInternal(GrailsReloadServletFilter.java:104)
	at org.springframework.web.filter.OncePerRequestFilter.doFilter(OncePerRequestFilter.java:76)
	at org.apache.catalina.core.ApplicationFilterChain.internalDoFilter(ApplicationFilterChain.java:235)
	at org.apache.catalina.core.ApplicationFilterChain.doFilter(ApplicationFilterChain.java:206)
	at org.codehaus.groovy.grails.web.servlet.mvc.GrailsWebRequestFilter.doFilterInternal(GrailsWebRequestFilter.java:69)
	at org.springframework.web.filter.OncePerRequestFilter.doFilter(OncePerRequestFilter.java:76)
	at org.apache.catalina.core.ApplicationFilterChain.internalDoFilter(ApplicationFilterChain.java:235)
	at org.apache.catalina.core.ApplicationFilterChain.doFilter(ApplicationFilterChain.java:206)
	at org.codehaus.groovy.grails.web.filters.HiddenHttpMethodFilter.doFilterInternal(HiddenHttpMethodFilter.java:69)
	at org.springframework.web.filter.OncePerRequestFilter.doFilter(OncePerRequestFilter.java:76)
	at org.apache.catalina.core.ApplicationFilterChain.internalDoFilter(ApplicationFilterChain.java:235)
	at org.apache.catalina.core.ApplicationFilterChain.doFilter(ApplicationFilterChain.java:206)
	at org.springframework.web.filter.CharacterEncodingFilter.doFilterInternal(CharacterEncodingFilter.java:88)
	at org.springframework.web.filter.OncePerRequestFilter.doFilter(OncePerRequestFilter.java:76)
	at org.springframework.web.filter.DelegatingFilterProxy.invokeDelegate(DelegatingFilterProxy.java:237)
	at org.springframework.web.filter.DelegatingFilterProxy.doFilter(DelegatingFilterProxy.java:167)
	at org.apache.catalina.core.ApplicationFilterChain.internalDoFilter(ApplicationFilterChain.java:235)
	at org.apache.catalina.core.ApplicationFilterChain.doFilter(ApplicationFilterChain.java:206)
	at org.apache.catalina.core.StandardWrapperValve.invoke(StandardWrapperValve.java:233)
	at org.apache.catalina.core.StandardContextValve.invoke(StandardContextValve.java:191)
	at org.apache.catalina.core.StandardHostValve.invoke(StandardHostValve.java:128)
	at org.apache.catalina.valves.ErrorReportValve.invoke(ErrorReportValve.java:102)
	at org.apache.catalina.core.StandardEngineValve.invoke(StandardEngineValve.java:109)
	at org.apache.catalina.connector.CoyoteAdapter.service(CoyoteAdapter.java:293)
	at org.apache.coyote.http11.Http11Processor.process(Http11Processor.java:849)
	at org.apache.coyote.http11.Http11Protocol$Http11ConnectionHandler.process(Http11Protocol.java:583)
	at org.apache.tomcat.util.net.JIoEndpoint$Worker.run(JIoEndpoint.java:454)
	at java.lang.Thread.run(Thread.java:680)
2011-07-21 12:31:08,564 [http-8080-4] ERROR StackTrace  - Sanitizing stacktrace:
org.codehaus.groovy.grails.web.servlet.mvc.exceptions.ControllerExecutionException: Unable to load template for uri [/event/_listAllEvents.gsp]. Template not found.
	at openmessenger.EventController$_closure1.doCall(EventController.groovy:9)
	at openmessenger.EventController$_closure1.doCall(EventController.groovy)
	at java.lang.Thread.run(Thread.java:680)
2011-07-21 12:31:08,565 [http-8080-4] ERROR StackTrace  - Sanitizing stacktrace:
org.codehaus.groovy.grails.web.servlet.mvc.exceptions.ControllerExecutionException: Executing action [listAllEvents] of controller [openmessenger.EventController]  caused exception: Unable to load template for uri [/event/_listAllEvents.gsp]. Template not found.
	at org.codehaus.groovy.grails.web.servlet.mvc.SimpleGrailsControllerHelper.executeAction(SimpleGrailsControllerHelper.java:238)
	at org.codehaus.groovy.grails.web.servlet.mvc.SimpleGrailsControllerHelper.handleURI(SimpleGrailsControllerHelper.java:190)
	at org.codehaus.groovy.grails.web.servlet.mvc.SimpleGrailsControllerHelper.handleURI(SimpleGrailsControllerHelper.java:129)
	at org.codehaus.groovy.grails.web.servlet.mvc.SimpleGrailsController.handleRequest(SimpleGrailsController.java:73)
	at org.springframework.web.servlet.mvc.SimpleControllerHandlerAdapter.handle(SimpleControllerHandlerAdapter.java:48)
	at org.codehaus.groovy.grails.web.servlet.GrailsDispatcherServlet.doDispatch(GrailsDispatcherServlet.java:292)
	at org.springframework.web.servlet.DispatcherServlet.doService(DispatcherServlet.java:719)
	at org.springframework.web.servlet.FrameworkServlet.processRequest(FrameworkServlet.java:644)
	at org.springframework.web.servlet.FrameworkServlet.doGet(FrameworkServlet.java:549)
	at javax.servlet.http.HttpServlet.service(HttpServlet.java:707)
	at javax.servlet.http.HttpServlet.service(HttpServlet.java:820)
	at org.apache.catalina.core.ApplicationFilterChain.internalDoFilter(ApplicationFilterChain.java:290)
	at org.apache.catalina.core.ApplicationFilterChain.doFilter(ApplicationFilterChain.java:206)
	at org.springframework.web.filter.OncePerRequestFilter.doFilter(OncePerRequestFilter.java:70)
	at org.apache.catalina.core.ApplicationFilterChain.internalDoFilter(ApplicationFilterChain.java:235)
	at org.apache.catalina.core.ApplicationFilterChain.doFilter(ApplicationFilterChain.java:206)
	at org.springframework.web.filter.OncePerRequestFilter.doFilter(OncePerRequestFilter.java:70)
	at org.apache.catalina.core.ApplicationFilterChain.internalDoFilter(ApplicationFilterChain.java:235)
	at org.apache.catalina.core.ApplicationFilterChain.doFilter(ApplicationFilterChain.java:206)
	at org.springframework.web.filter.OncePerRequestFilter.doFilter(OncePerRequestFilter.java:70)
	at org.apache.catalina.core.ApplicationFilterChain.internalDoFilter(ApplicationFilterChain.java:235)
	at org.apache.catalina.core.ApplicationFilterChain.doFilter(ApplicationFilterChain.java:206)
	at org.springframework.web.filter.OncePerRequestFilter.doFilter(OncePerRequestFilter.java:70)
	at org.apache.catalina.core.ApplicationFilterChain.internalDoFilter(ApplicationFilterChain.java:235)
	at org.apache.catalina.core.ApplicationFilterChain.doFilter(ApplicationFilterChain.java:206)
	at org.apache.catalina.core.ApplicationDispatcher.invoke(ApplicationDispatcher.java:646)
	at org.apache.catalina.core.ApplicationDispatcher.processRequest(ApplicationDispatcher.java:436)
	at org.apache.catalina.core.ApplicationDispatcher.doForward(ApplicationDispatcher.java:374)
	at org.apache.catalina.core.ApplicationDispatcher.forward(ApplicationDispatcher.java:302)
	at org.codehaus.groovy.grails.web.util.WebUtils.forwardRequestForUrlMappingInfo(WebUtils.java:298)
	at org.codehaus.groovy.grails.web.util.WebUtils.forwardRequestForUrlMappingInfo(WebUtils.java:264)
	at org.codehaus.groovy.grails.web.util.WebUtils.forwardRequestForUrlMappingInfo(WebUtils.java:255)
	at org.codehaus.groovy.grails.web.mapping.filter.UrlMappingsFilter.doFilterInternal(UrlMappingsFilter.java:183)
	at org.springframework.web.filter.OncePerRequestFilter.doFilter(OncePerRequestFilter.java:76)
	at org.apache.catalina.core.ApplicationFilterChain.internalDoFilter(ApplicationFilterChain.java:235)
	at org.apache.catalina.core.ApplicationFilterChain.doFilter(ApplicationFilterChain.java:206)
	at org.codehaus.groovy.grails.web.sitemesh.GrailsPageFilter.obtainContent(GrailsPageFilter.java:245)
	at org.codehaus.groovy.grails.web.sitemesh.GrailsPageFilter.doFilter(GrailsPageFilter.java:134)
	at org.apache.catalina.core.ApplicationFilterChain.internalDoFilter(ApplicationFilterChain.java:235)
	at org.apache.catalina.core.ApplicationFilterChain.doFilter(ApplicationFilterChain.java:206)
	at org.codehaus.groovy.grails.web.servlet.filter.GrailsReloadServletFilter.doFilterInternal(GrailsReloadServletFilter.java:104)
	at org.springframework.web.filter.OncePerRequestFilter.doFilter(OncePerRequestFilter.java:76)
	at org.apache.catalina.core.ApplicationFilterChain.internalDoFilter(ApplicationFilterChain.java:235)
	at org.apache.catalina.core.ApplicationFilterChain.doFilter(ApplicationFilterChain.java:206)
	at org.codehaus.groovy.grails.web.servlet.mvc.GrailsWebRequestFilter.doFilterInternal(GrailsWebRequestFilter.java:69)
	at org.springframework.web.filter.OncePerRequestFilter.doFilter(OncePerRequestFilter.java:76)
	at org.apache.catalina.core.ApplicationFilterChain.internalDoFilter(ApplicationFilterChain.java:235)
	at org.apache.catalina.core.ApplicationFilterChain.doFilter(ApplicationFilterChain.java:206)
	at org.codehaus.groovy.grails.web.filters.HiddenHttpMethodFilter.doFilterInternal(HiddenHttpMethodFilter.java:69)
	at org.springframework.web.filter.OncePerRequestFilter.doFilter(OncePerRequestFilter.java:76)
	at org.apache.catalina.core.ApplicationFilterChain.internalDoFilter(ApplicationFilterChain.java:235)
	at org.apache.catalina.core.ApplicationFilterChain.doFilter(ApplicationFilterChain.java:206)
	at org.springframework.web.filter.CharacterEncodingFilter.doFilterInternal(CharacterEncodingFilter.java:88)
	at org.springframework.web.filter.OncePerRequestFilter.doFilter(OncePerRequestFilter.java:76)
	at org.springframework.web.filter.DelegatingFilterProxy.invokeDelegate(DelegatingFilterProxy.java:237)
	at org.springframework.web.filter.DelegatingFilterProxy.doFilter(DelegatingFilterProxy.java:167)
	at org.apache.catalina.core.ApplicationFilterChain.internalDoFilter(ApplicationFilterChain.java:235)
	at org.apache.catalina.core.ApplicationFilterChain.doFilter(ApplicationFilterChain.java:206)
	at org.apache.catalina.core.StandardWrapperValve.invoke(StandardWrapperValve.java:233)
	at org.apache.catalina.core.StandardContextValve.invoke(StandardContextValve.java:191)
	at org.apache.catalina.core.StandardHostValve.invoke(StandardHostValve.java:128)
	at org.apache.catalina.valves.ErrorReportValve.invoke(ErrorReportValve.java:102)
	at org.apache.catalina.core.StandardEngineValve.invoke(StandardEngineValve.java:109)
	at org.apache.catalina.connector.CoyoteAdapter.service(CoyoteAdapter.java:293)
	at org.apache.coyote.http11.Http11Processor.process(Http11Processor.java:849)
	at org.apache.coyote.http11.Http11Protocol$Http11ConnectionHandler.process(Http11Protocol.java:583)
	at org.apache.tomcat.util.net.JIoEndpoint$Worker.run(JIoEndpoint.java:454)
	at java.lang.Thread.run(Thread.java:680)
Caused by: org.codehaus.groovy.grails.web.servlet.mvc.exceptions.ControllerExecutionException: Unable to load template for uri [/event/_listAllEvents.gsp]. Template not found.
	at openmessenger.EventController$_closure1.doCall(EventController.groovy:9)
	at openmessenger.EventController$_closure1.doCall(EventController.groovy)
	... 1 more
2011-07-21 12:31:08,572 [http-8080-4] ERROR StackTrace  - Sanitizing stacktrace:
org.codehaus.groovy.grails.web.servlet.mvc.exceptions.ControllerExecutionException: Unable to load template for uri [/event/_listAllEvents.gsp]. Template not found.
	at openmessenger.EventController$_closure1.doCall(EventController.groovy:9)
	at openmessenger.EventController$_closure1.doCall(EventController.groovy)
	at java.lang.Thread.run(Thread.java:680)
2011-07-21 18:06:05,588 [http-8080-4] ERROR StackTrace  - Sanitizing stacktrace:
java.lang.NullPointerException: Cannot get property 'id' on null object
	at org.codehaus.groovy.runtime.NullObject.getProperty(NullObject.java:56)
	at org.codehaus.groovy.runtime.InvokerHelper.getProperty(InvokerHelper.java:156)
	at org.codehaus.groovy.runtime.callsite.NullCallSite.getProperty(NullCallSite.java:44)
	at org.codehaus.groovy.runtime.callsite.AbstractCallSite.callGetProperty(AbstractCallSite.java:235)
	at Users_Roofimon_Workspace_Opendream_Grails_openmessenger_grails_app_views_event_listAllEvents_gsp$_run_closure2_closure10.doCall(Users_Roofimon_Workspace_Opendream_Grails_openmessenger_grails_app_views_event_listAllEvents_gsp:36)
	at sun.reflect.NativeMethodAccessorImpl.invoke0(Native Method)
	at sun.reflect.NativeMethodAccessorImpl.invoke(NativeMethodAccessorImpl.java:39)
	at sun.reflect.DelegatingMethodAccessorImpl.invoke(DelegatingMethodAccessorImpl.java:25)
	at java.lang.reflect.Method.invoke(Method.java:597)
	at org.codehaus.groovy.reflection.CachedMethod.invoke(CachedMethod.java:90)
	at groovy.lang.MetaMethod.doMethodInvoke(MetaMethod.java:233)
	at groovy.lang.MetaClassImpl.invokeMethod(MetaClassImpl.java:1058)
	at groovy.lang.ExpandoMetaClass.invokeMethod(ExpandoMetaClass.java:1070)
	at groovy.lang.MetaClassImpl.invokeMethod(MetaClassImpl.java:886)
	at groovy.lang.Closure.call(Closure.java:282)
	at groovy.lang.Closure.call(Closure.java:295)
	at org.codehaus.groovy.grails.web.pages.GroovyPage.evaluate(GroovyPage.java:239)
	at sun.reflect.GeneratedMethodAccessor163.invoke(Unknown Source)
	at sun.reflect.DelegatingMethodAccessorImpl.invoke(DelegatingMethodAccessorImpl.java:25)
	at java.lang.reflect.Method.invoke(Method.java:597)
	at org.codehaus.groovy.reflection.CachedMethod.invoke(CachedMethod.java:90)
	at groovy.lang.MetaMethod.doMethodInvoke(MetaMethod.java:233)
	at groovy.lang.MetaClassImpl.invokeMethod(MetaClassImpl.java:1058)
	at groovy.lang.ExpandoMetaClass.invokeMethod(ExpandoMetaClass.java:1070)
	at groovy.lang.MetaClassImpl.invokeMethod(MetaClassImpl.java:886)
	at groovy.lang.MetaClassImpl.invokeMethod(MetaClassImpl.java:1003)
	at groovy.lang.ExpandoMetaClass.invokeMethod(ExpandoMetaClass.java:1070)
	at groovy.lang.MetaClassImpl.invokeMethod(MetaClassImpl.java:886)
	at org.codehaus.groovy.runtime.callsite.PogoMetaClassSite.callCurrent(PogoMetaClassSite.java:66)
	at org.codehaus.groovy.runtime.callsite.CallSiteArray.defaultCallCurrent(CallSiteArray.java:44)
	at org.codehaus.groovy.runtime.callsite.AbstractCallSite.callCurrent(AbstractCallSite.java:141)
	at org.codehaus.groovy.runtime.callsite.AbstractCallSite.callCurrent(AbstractCallSite.java:161)
	at Users_Roofimon_Workspace_Opendream_Grails_openmessenger_grails_app_views_event_listAllEvents_gsp$_run_closure2.doCall(Users_Roofimon_Workspace_Opendream_Grails_openmessenger_grails_app_views_event_listAllEvents_gsp:36)
	at sun.reflect.NativeMethodAccessorImpl.invoke0(Native Method)
	at sun.reflect.NativeMethodAccessorImpl.invoke(NativeMethodAccessorImpl.java:39)
	at sun.reflect.DelegatingMethodAccessorImpl.invoke(DelegatingMethodAccessorImpl.java:25)
	at java.lang.reflect.Method.invoke(Method.java:597)
	at org.codehaus.groovy.runtime.callsite.PogoMetaMethodSite$PogoCachedMethodSite.invoke(PogoMetaMethodSite.java:225)
	at org.codehaus.groovy.runtime.callsite.PogoMetaMethodSite.callCurrent(PogoMetaMethodSite.java:51)
	at org.codehaus.groovy.runtime.callsite.CallSiteArray.defaultCallCurrent(CallSiteArray.java:44)
	at org.codehaus.groovy.runtime.callsite.AbstractCallSite.callCurrent(AbstractCallSite.java:141)
	at org.codehaus.groovy.runtime.callsite.AbstractCallSite.callCurrent(AbstractCallSite.java:149)
	at Users_Roofimon_Workspace_Opendream_Grails_openmessenger_grails_app_views_event_listAllEvents_gsp$_run_closure2.doCall(Users_Roofimon_Workspace_Opendream_Grails_openmessenger_grails_app_views_event_listAllEvents_gsp)
	at sun.reflect.NativeMethodAccessorImpl.invoke0(Native Method)
	at sun.reflect.NativeMethodAccessorImpl.invoke(NativeMethodAccessorImpl.java:39)
	at sun.reflect.DelegatingMethodAccessorImpl.invoke(DelegatingMethodAccessorImpl.java:25)
	at java.lang.reflect.Method.invoke(Method.java:597)
	at org.codehaus.groovy.reflection.CachedMethod.invoke(CachedMethod.java:90)
	at groovy.lang.MetaMethod.doMethodInvoke(MetaMethod.java:233)
	at groovy.lang.MetaClassImpl.invokeMethod(MetaClassImpl.java:1058)
	at groovy.lang.ExpandoMetaClass.invokeMethod(ExpandoMetaClass.java:1070)
	at groovy.lang.MetaClassImpl.invokeMethod(MetaClassImpl.java:886)
	at groovy.lang.Closure.call(Closure.java:282)
	at groovy.lang.Closure.call(Closure.java:277)
	at org.codehaus.groovy.grails.web.taglib.GroovyPageTagBody.executeClosure(GroovyPageTagBody.java:175)
	at org.codehaus.groovy.grails.web.taglib.GroovyPageTagBody.captureClosureOutput(GroovyPageTagBody.java:139)
	at org.codehaus.groovy.grails.web.taglib.GroovyPageTagBody.call(GroovyPageTagBody.java:188)
	at org.codehaus.groovy.grails.web.taglib.GroovyPageTagBody$call.call(Unknown Source)
	at org.codehaus.groovy.runtime.callsite.CallSiteArray.defaultCall(CallSiteArray.java:40)
	at groovy.lang.Closure$call.call(Unknown Source)
	at org.codehaus.groovy.grails.plugins.web.taglib.SitemeshTagLib.captureTagContent(SitemeshTagLib.groovy:39)
	at sun.reflect.NativeMethodAccessorImpl.invoke0(Native Method)
	at sun.reflect.NativeMethodAccessorImpl.invoke(NativeMethodAccessorImpl.java:39)
	at sun.reflect.DelegatingMethodAccessorImpl.invoke(DelegatingMethodAccessorImpl.java:25)
	at java.lang.reflect.Method.invoke(Method.java:597)
	at org.codehaus.groovy.reflection.CachedMethod.invoke(CachedMethod.java:90)
	at groovy.lang.MetaMethod.doMethodInvoke(MetaMethod.java:233)
	at groovy.lang.MetaClassImpl.invokeMethod(MetaClassImpl.java:1058)
	at groovy.lang.ExpandoMetaClass.invokeMethod(ExpandoMetaClass.java:1070)
	at groovy.lang.MetaClassImpl.invokeMethod(MetaClassImpl.java:886)
	at groovy.lang.MetaClassImpl.invokeMethod(MetaClassImpl.java:1003)
	at groovy.lang.ExpandoMetaClass.invokeMethod(ExpandoMetaClass.java:1070)
	at groovy.lang.MetaClassImpl.invokeMethod(MetaClassImpl.java:886)
	at org.codehaus.groovy.runtime.callsite.PogoMetaClassSite.callCurrent(PogoMetaClassSite.java:66)
	at org.codehaus.groovy.runtime.callsite.AbstractCallSite.callCurrent(AbstractCallSite.java:161)
	at org.codehaus.groovy.grails.plugins.web.taglib.SitemeshTagLib$_closure3.doCall(SitemeshTagLib.groovy:126)
	at sun.reflect.NativeMethodAccessorImpl.invoke0(Native Method)
	at sun.reflect.NativeMethodAccessorImpl.invoke(NativeMethodAccessorImpl.java:39)
	at sun.reflect.DelegatingMethodAccessorImpl.invoke(DelegatingMethodAccessorImpl.java:25)
	at java.lang.reflect.Method.invoke(Method.java:597)
	at org.codehaus.groovy.reflection.CachedMethod.invoke(CachedMethod.java:90)
	at groovy.lang.MetaMethod.doMethodInvoke(MetaMethod.java:233)
	at groovy.lang.MetaClassImpl.invokeMethod(MetaClassImpl.java:1058)
	at groovy.lang.ExpandoMetaClass.invokeMethod(ExpandoMetaClass.java:1070)
	at groovy.lang.MetaClassImpl.invokeMethod(MetaClassImpl.java:886)
	at groovy.lang.Closure.call(Closure.java:282)
	at org.codehaus.groovy.grails.web.pages.GroovyPage.invokeTag(GroovyPage.java:369)
	at sun.reflect.NativeMethodAccessorImpl.invoke0(Native Method)
	at sun.reflect.NativeMethodAccessorImpl.invoke(NativeMethodAccessorImpl.java:39)
	at sun.reflect.DelegatingMethodAccessorImpl.invoke(DelegatingMethodAccessorImpl.java:25)
	at java.lang.reflect.Method.invoke(Method.java:597)
	at org.codehaus.groovy.runtime.callsite.PogoMetaMethodSite$PogoCachedMethodSite.invoke(PogoMetaMethodSite.java:225)
	at org.codehaus.groovy.runtime.callsite.PogoMetaMethodSite.callCurrent(PogoMetaMethodSite.java:51)
	at org.codehaus.groovy.runtime.callsite.CallSiteArray.defaultCallCurrent(CallSiteArray.java:44)
	at org.codehaus.groovy.runtime.callsite.AbstractCallSite.callCurrent(AbstractCallSite.java:141)
	at Users_Roofimon_Workspace_Opendream_Grails_openmessenger_grails_app_views_event_listAllEvents_gsp.run(Users_Roofimon_Workspace_Opendream_Grails_openmessenger_grails_app_views_event_listAllEvents_gsp:56)
	at org.codehaus.groovy.grails.web.pages.GroovyPageWritable.writeTo(GroovyPageWritable.java:203)
	at org.codehaus.groovy.grails.web.servlet.view.GroovyPageView.renderWithTemplateEngine(GroovyPageView.java:148)
	at org.codehaus.groovy.grails.web.servlet.view.GroovyPageView.renderMergedOutputModel(GroovyPageView.java:81)
	at org.springframework.web.servlet.view.AbstractView.render(AbstractView.java:250)
	at org.springframework.web.servlet.DispatcherServlet.render(DispatcherServlet.java:1047)
	at org.codehaus.groovy.grails.web.servlet.GrailsDispatcherServlet.doDispatch(GrailsDispatcherServlet.java:329)
	at org.springframework.web.servlet.DispatcherServlet.doService(DispatcherServlet.java:719)
	at org.springframework.web.servlet.FrameworkServlet.processRequest(FrameworkServlet.java:644)
	at org.springframework.web.servlet.FrameworkServlet.doGet(FrameworkServlet.java:549)
	at javax.servlet.http.HttpServlet.service(HttpServlet.java:707)
	at javax.servlet.http.HttpServlet.service(HttpServlet.java:820)
	at org.apache.catalina.core.ApplicationFilterChain.internalDoFilter(ApplicationFilterChain.java:290)
	at org.apache.catalina.core.ApplicationFilterChain.doFilter(ApplicationFilterChain.java:206)
	at org.springframework.web.filter.OncePerRequestFilter.doFilter(OncePerRequestFilter.java:70)
	at org.apache.catalina.core.ApplicationFilterChain.internalDoFilter(ApplicationFilterChain.java:235)
	at org.apache.catalina.core.ApplicationFilterChain.doFilter(ApplicationFilterChain.java:206)
	at org.springframework.web.filter.OncePerRequestFilter.doFilter(OncePerRequestFilter.java:70)
	at org.apache.catalina.core.ApplicationFilterChain.internalDoFilter(ApplicationFilterChain.java:235)
	at org.apache.catalina.core.ApplicationFilterChain.doFilter(ApplicationFilterChain.java:206)
	at org.springframework.web.filter.OncePerRequestFilter.doFilter(OncePerRequestFilter.java:70)
	at org.apache.catalina.core.ApplicationFilterChain.internalDoFilter(ApplicationFilterChain.java:235)
	at org.apache.catalina.core.ApplicationFilterChain.doFilter(ApplicationFilterChain.java:206)
	at org.springframework.web.filter.OncePerRequestFilter.doFilter(OncePerRequestFilter.java:70)
	at org.apache.catalina.core.ApplicationFilterChain.internalDoFilter(ApplicationFilterChain.java:235)
	at org.apache.catalina.core.ApplicationFilterChain.doFilter(ApplicationFilterChain.java:206)
	at org.apache.catalina.core.ApplicationDispatcher.invoke(ApplicationDispatcher.java:646)
	at org.apache.catalina.core.ApplicationDispatcher.processRequest(ApplicationDispatcher.java:436)
	at org.apache.catalina.core.ApplicationDispatcher.doForward(ApplicationDispatcher.java:374)
	at org.apache.catalina.core.ApplicationDispatcher.forward(ApplicationDispatcher.java:302)
	at org.codehaus.groovy.grails.web.util.WebUtils.forwardRequestForUrlMappingInfo(WebUtils.java:298)
	at org.codehaus.groovy.grails.web.util.WebUtils.forwardRequestForUrlMappingInfo(WebUtils.java:264)
	at org.codehaus.groovy.grails.web.util.WebUtils.forwardRequestForUrlMappingInfo(WebUtils.java:255)
	at org.codehaus.groovy.grails.web.mapping.filter.UrlMappingsFilter.doFilterInternal(UrlMappingsFilter.java:183)
	at org.springframework.web.filter.OncePerRequestFilter.doFilter(OncePerRequestFilter.java:76)
	at org.apache.catalina.core.ApplicationFilterChain.internalDoFilter(ApplicationFilterChain.java:235)
	at org.apache.catalina.core.ApplicationFilterChain.doFilter(ApplicationFilterChain.java:206)
	at org.codehaus.groovy.grails.web.sitemesh.GrailsPageFilter.obtainContent(GrailsPageFilter.java:245)
	at org.codehaus.groovy.grails.web.sitemesh.GrailsPageFilter.doFilter(GrailsPageFilter.java:134)
	at org.apache.catalina.core.ApplicationFilterChain.internalDoFilter(ApplicationFilterChain.java:235)
	at org.apache.catalina.core.ApplicationFilterChain.doFilter(ApplicationFilterChain.java:206)
	at org.codehaus.groovy.grails.web.servlet.filter.GrailsReloadServletFilter.doFilterInternal(GrailsReloadServletFilter.java:104)
	at org.springframework.web.filter.OncePerRequestFilter.doFilter(OncePerRequestFilter.java:76)
	at org.apache.catalina.core.ApplicationFilterChain.internalDoFilter(ApplicationFilterChain.java:235)
	at org.apache.catalina.core.ApplicationFilterChain.doFilter(ApplicationFilterChain.java:206)
	at org.codehaus.groovy.grails.web.servlet.mvc.GrailsWebRequestFilter.doFilterInternal(GrailsWebRequestFilter.java:69)
	at org.springframework.web.filter.OncePerRequestFilter.doFilter(OncePerRequestFilter.java:76)
	at org.apache.catalina.core.ApplicationFilterChain.internalDoFilter(ApplicationFilterChain.java:235)
	at org.apache.catalina.core.ApplicationFilterChain.doFilter(ApplicationFilterChain.java:206)
	at org.codehaus.groovy.grails.web.filters.HiddenHttpMethodFilter.doFilterInternal(HiddenHttpMethodFilter.java:69)
	at org.springframework.web.filter.OncePerRequestFilter.doFilter(OncePerRequestFilter.java:76)
	at org.apache.catalina.core.ApplicationFilterChain.internalDoFilter(ApplicationFilterChain.java:235)
	at org.apache.catalina.core.ApplicationFilterChain.doFilter(ApplicationFilterChain.java:206)
	at org.springframework.web.filter.CharacterEncodingFilter.doFilterInternal(CharacterEncodingFilter.java:88)
	at org.springframework.web.filter.OncePerRequestFilter.doFilter(OncePerRequestFilter.java:76)
	at org.springframework.web.filter.DelegatingFilterProxy.invokeDelegate(DelegatingFilterProxy.java:237)
	at org.springframework.web.filter.DelegatingFilterProxy.doFilter(DelegatingFilterProxy.java:167)
	at org.apache.catalina.core.ApplicationFilterChain.internalDoFilter(ApplicationFilterChain.java:235)
	at org.apache.catalina.core.ApplicationFilterChain.doFilter(ApplicationFilterChain.java:206)
	at org.apache.catalina.core.StandardWrapperValve.invoke(StandardWrapperValve.java:233)
	at org.apache.catalina.core.StandardContextValve.invoke(StandardContextValve.java:191)
	at org.apache.catalina.core.StandardHostValve.invoke(StandardHostValve.java:128)
	at org.apache.catalina.valves.ErrorReportValve.invoke(ErrorReportValve.java:102)
	at org.apache.catalina.core.StandardEngineValve.invoke(StandardEngineValve.java:109)
	at org.apache.catalina.connector.CoyoteAdapter.service(CoyoteAdapter.java:293)
	at org.apache.coyote.http11.Http11Processor.process(Http11Processor.java:849)
	at org.apache.coyote.http11.Http11Protocol$Http11ConnectionHandler.process(Http11Protocol.java:583)
	at org.apache.tomcat.util.net.JIoEndpoint$Worker.run(JIoEndpoint.java:454)
	at java.lang.Thread.run(Thread.java:680)
2011-07-21 18:06:05,638 [http-8080-4] ERROR StackTrace  - Sanitizing stacktrace:
org.codehaus.groovy.grails.web.pages.exceptions.GroovyPagesException: Error evaluating expression [taskInstance.id] on line [29]: Cannot get property 'id' on null object
	at org.codehaus.groovy.grails.web.pages.GroovyPage.evaluate(GroovyPage.java:242)
	at sun.reflect.GeneratedMethodAccessor163.invoke(Unknown Source)
	at sun.reflect.DelegatingMethodAccessorImpl.invoke(DelegatingMethodAccessorImpl.java:25)
	at java.lang.reflect.Method.invoke(Method.java:597)
	at org.codehaus.groovy.reflection.CachedMethod.invoke(CachedMethod.java:90)
	at groovy.lang.MetaMethod.doMethodInvoke(MetaMethod.java:233)
	at groovy.lang.MetaClassImpl.invokeMethod(MetaClassImpl.java:1058)
	at groovy.lang.ExpandoMetaClass.invokeMethod(ExpandoMetaClass.java:1070)
	at groovy.lang.MetaClassImpl.invokeMethod(MetaClassImpl.java:886)
	at groovy.lang.MetaClassImpl.invokeMethod(MetaClassImpl.java:1003)
	at groovy.lang.ExpandoMetaClass.invokeMethod(ExpandoMetaClass.java:1070)
	at groovy.lang.MetaClassImpl.invokeMethod(MetaClassImpl.java:886)
	at org.codehaus.groovy.runtime.callsite.PogoMetaClassSite.callCurrent(PogoMetaClassSite.java:66)
	at org.codehaus.groovy.runtime.callsite.CallSiteArray.defaultCallCurrent(CallSiteArray.java:44)
	at org.codehaus.groovy.runtime.callsite.AbstractCallSite.callCurrent(AbstractCallSite.java:141)
	at org.codehaus.groovy.runtime.callsite.AbstractCallSite.callCurrent(AbstractCallSite.java:161)
	at Users_Roofimon_Workspace_Opendream_Grails_openmessenger_grails_app_views_event_listAllEvents_gsp$_run_closure2.doCall(Users_Roofimon_Workspace_Opendream_Grails_openmessenger_grails_app_views_event_listAllEvents_gsp:36)
	at sun.reflect.NativeMethodAccessorImpl.invoke0(Native Method)
	at sun.reflect.NativeMethodAccessorImpl.invoke(NativeMethodAccessorImpl.java:39)
	at sun.reflect.DelegatingMethodAccessorImpl.invoke(DelegatingMethodAccessorImpl.java:25)
	at java.lang.reflect.Method.invoke(Method.java:597)
	at org.codehaus.groovy.runtime.callsite.PogoMetaMethodSite$PogoCachedMethodSite.invoke(PogoMetaMethodSite.java:225)
	at org.codehaus.groovy.runtime.callsite.PogoMetaMethodSite.callCurrent(PogoMetaMethodSite.java:51)
	at org.codehaus.groovy.runtime.callsite.CallSiteArray.defaultCallCurrent(CallSiteArray.java:44)
	at org.codehaus.groovy.runtime.callsite.AbstractCallSite.callCurrent(AbstractCallSite.java:141)
	at org.codehaus.groovy.runtime.callsite.AbstractCallSite.callCurrent(AbstractCallSite.java:149)
	at Users_Roofimon_Workspace_Opendream_Grails_openmessenger_grails_app_views_event_listAllEvents_gsp$_run_closure2.doCall(Users_Roofimon_Workspace_Opendream_Grails_openmessenger_grails_app_views_event_listAllEvents_gsp)
	at sun.reflect.NativeMethodAccessorImpl.invoke0(Native Method)
	at sun.reflect.NativeMethodAccessorImpl.invoke(NativeMethodAccessorImpl.java:39)
	at sun.reflect.DelegatingMethodAccessorImpl.invoke(DelegatingMethodAccessorImpl.java:25)
	at java.lang.reflect.Method.invoke(Method.java:597)
	at org.codehaus.groovy.reflection.CachedMethod.invoke(CachedMethod.java:90)
	at groovy.lang.MetaMethod.doMethodInvoke(MetaMethod.java:233)
	at groovy.lang.MetaClassImpl.invokeMethod(MetaClassImpl.java:1058)
	at groovy.lang.ExpandoMetaClass.invokeMethod(ExpandoMetaClass.java:1070)
	at groovy.lang.MetaClassImpl.invokeMethod(MetaClassImpl.java:886)
	at groovy.lang.Closure.call(Closure.java:282)
	at groovy.lang.Closure.call(Closure.java:277)
	at org.codehaus.groovy.grails.web.taglib.GroovyPageTagBody.executeClosure(GroovyPageTagBody.java:175)
	at org.codehaus.groovy.grails.web.taglib.GroovyPageTagBody.captureClosureOutput(GroovyPageTagBody.java:139)
	at org.codehaus.groovy.grails.web.taglib.GroovyPageTagBody.call(GroovyPageTagBody.java:188)
	at org.codehaus.groovy.grails.web.taglib.GroovyPageTagBody$call.call(Unknown Source)
	at org.codehaus.groovy.runtime.callsite.CallSiteArray.defaultCall(CallSiteArray.java:40)
	at groovy.lang.Closure$call.call(Unknown Source)
	at org.codehaus.groovy.grails.plugins.web.taglib.SitemeshTagLib.captureTagContent(SitemeshTagLib.groovy:39)
	at sun.reflect.NativeMethodAccessorImpl.invoke0(Native Method)
	at sun.reflect.NativeMethodAccessorImpl.invoke(NativeMethodAccessorImpl.java:39)
	at sun.reflect.DelegatingMethodAccessorImpl.invoke(DelegatingMethodAccessorImpl.java:25)
	at java.lang.reflect.Method.invoke(Method.java:597)
	at org.codehaus.groovy.reflection.CachedMethod.invoke(CachedMethod.java:90)
	at groovy.lang.MetaMethod.doMethodInvoke(MetaMethod.java:233)
	at groovy.lang.MetaClassImpl.invokeMethod(MetaClassImpl.java:1058)
	at groovy.lang.ExpandoMetaClass.invokeMethod(ExpandoMetaClass.java:1070)
	at groovy.lang.MetaClassImpl.invokeMethod(MetaClassImpl.java:886)
	at groovy.lang.MetaClassImpl.invokeMethod(MetaClassImpl.java:1003)
	at groovy.lang.ExpandoMetaClass.invokeMethod(ExpandoMetaClass.java:1070)
	at groovy.lang.MetaClassImpl.invokeMethod(MetaClassImpl.java:886)
	at org.codehaus.groovy.runtime.callsite.PogoMetaClassSite.callCurrent(PogoMetaClassSite.java:66)
	at org.codehaus.groovy.runtime.callsite.AbstractCallSite.callCurrent(AbstractCallSite.java:161)
	at org.codehaus.groovy.grails.plugins.web.taglib.SitemeshTagLib$_closure3.doCall(SitemeshTagLib.groovy:126)
	at sun.reflect.NativeMethodAccessorImpl.invoke0(Native Method)
	at sun.reflect.NativeMethodAccessorImpl.invoke(NativeMethodAccessorImpl.java:39)
	at sun.reflect.DelegatingMethodAccessorImpl.invoke(DelegatingMethodAccessorImpl.java:25)
	at java.lang.reflect.Method.invoke(Method.java:597)
	at org.codehaus.groovy.reflection.CachedMethod.invoke(CachedMethod.java:90)
	at groovy.lang.MetaMethod.doMethodInvoke(MetaMethod.java:233)
	at groovy.lang.MetaClassImpl.invokeMethod(MetaClassImpl.java:1058)
	at groovy.lang.ExpandoMetaClass.invokeMethod(ExpandoMetaClass.java:1070)
	at groovy.lang.MetaClassImpl.invokeMethod(MetaClassImpl.java:886)
	at groovy.lang.Closure.call(Closure.java:282)
	at org.codehaus.groovy.grails.web.pages.GroovyPage.invokeTag(GroovyPage.java:369)
	at sun.reflect.NativeMethodAccessorImpl.invoke0(Native Method)
	at sun.reflect.NativeMethodAccessorImpl.invoke(NativeMethodAccessorImpl.java:39)
	at sun.reflect.DelegatingMethodAccessorImpl.invoke(DelegatingMethodAccessorImpl.java:25)
	at java.lang.reflect.Method.invoke(Method.java:597)
	at org.codehaus.groovy.runtime.callsite.PogoMetaMethodSite$PogoCachedMethodSite.invoke(PogoMetaMethodSite.java:225)
	at org.codehaus.groovy.runtime.callsite.PogoMetaMethodSite.callCurrent(PogoMetaMethodSite.java:51)
	at org.codehaus.groovy.runtime.callsite.CallSiteArray.defaultCallCurrent(CallSiteArray.java:44)
	at org.codehaus.groovy.runtime.callsite.AbstractCallSite.callCurrent(AbstractCallSite.java:141)
	at Users_Roofimon_Workspace_Opendream_Grails_openmessenger_grails_app_views_event_listAllEvents_gsp.run(Users_Roofimon_Workspace_Opendream_Grails_openmessenger_grails_app_views_event_listAllEvents_gsp:56)
	at org.codehaus.groovy.grails.web.pages.GroovyPageWritable.writeTo(GroovyPageWritable.java:203)
	at org.codehaus.groovy.grails.web.servlet.view.GroovyPageView.renderWithTemplateEngine(GroovyPageView.java:148)
	at org.codehaus.groovy.grails.web.servlet.view.GroovyPageView.renderMergedOutputModel(GroovyPageView.java:81)
	at org.springframework.web.servlet.view.AbstractView.render(AbstractView.java:250)
	at org.springframework.web.servlet.DispatcherServlet.render(DispatcherServlet.java:1047)
	at org.codehaus.groovy.grails.web.servlet.GrailsDispatcherServlet.doDispatch(GrailsDispatcherServlet.java:329)
	at org.springframework.web.servlet.DispatcherServlet.doService(DispatcherServlet.java:719)
	at org.springframework.web.servlet.FrameworkServlet.processRequest(FrameworkServlet.java:644)
	at org.springframework.web.servlet.FrameworkServlet.doGet(FrameworkServlet.java:549)
	at javax.servlet.http.HttpServlet.service(HttpServlet.java:707)
	at javax.servlet.http.HttpServlet.service(HttpServlet.java:820)
	at org.apache.catalina.core.ApplicationFilterChain.internalDoFilter(ApplicationFilterChain.java:290)
	at org.apache.catalina.core.ApplicationFilterChain.doFilter(ApplicationFilterChain.java:206)
	at org.springframework.web.filter.OncePerRequestFilter.doFilter(OncePerRequestFilter.java:70)
	at org.apache.catalina.core.ApplicationFilterChain.internalDoFilter(ApplicationFilterChain.java:235)
	at org.apache.catalina.core.ApplicationFilterChain.doFilter(ApplicationFilterChain.java:206)
	at org.springframework.web.filter.OncePerRequestFilter.doFilter(OncePerRequestFilter.java:70)
	at org.apache.catalina.core.ApplicationFilterChain.internalDoFilter(ApplicationFilterChain.java:235)
	at org.apache.catalina.core.ApplicationFilterChain.doFilter(ApplicationFilterChain.java:206)
	at org.springframework.web.filter.OncePerRequestFilter.doFilter(OncePerRequestFilter.java:70)
	at org.apache.catalina.core.ApplicationFilterChain.internalDoFilter(ApplicationFilterChain.java:235)
	at org.apache.catalina.core.ApplicationFilterChain.doFilter(ApplicationFilterChain.java:206)
	at org.springframework.web.filter.OncePerRequestFilter.doFilter(OncePerRequestFilter.java:70)
	at org.apache.catalina.core.ApplicationFilterChain.internalDoFilter(ApplicationFilterChain.java:235)
	at org.apache.catalina.core.ApplicationFilterChain.doFilter(ApplicationFilterChain.java:206)
	at org.apache.catalina.core.ApplicationDispatcher.invoke(ApplicationDispatcher.java:646)
	at org.apache.catalina.core.ApplicationDispatcher.processRequest(ApplicationDispatcher.java:436)
	at org.apache.catalina.core.ApplicationDispatcher.doForward(ApplicationDispatcher.java:374)
	at org.apache.catalina.core.ApplicationDispatcher.forward(ApplicationDispatcher.java:302)
	at org.codehaus.groovy.grails.web.util.WebUtils.forwardRequestForUrlMappingInfo(WebUtils.java:298)
	at org.codehaus.groovy.grails.web.util.WebUtils.forwardRequestForUrlMappingInfo(WebUtils.java:264)
	at org.codehaus.groovy.grails.web.util.WebUtils.forwardRequestForUrlMappingInfo(WebUtils.java:255)
	at org.codehaus.groovy.grails.web.mapping.filter.UrlMappingsFilter.doFilterInternal(UrlMappingsFilter.java:183)
	at org.springframework.web.filter.OncePerRequestFilter.doFilter(OncePerRequestFilter.java:76)
	at org.apache.catalina.core.ApplicationFilterChain.internalDoFilter(ApplicationFilterChain.java:235)
	at org.apache.catalina.core.ApplicationFilterChain.doFilter(ApplicationFilterChain.java:206)
	at org.codehaus.groovy.grails.web.sitemesh.GrailsPageFilter.obtainContent(GrailsPageFilter.java:245)
	at org.codehaus.groovy.grails.web.sitemesh.GrailsPageFilter.doFilter(GrailsPageFilter.java:134)
	at org.apache.catalina.core.ApplicationFilterChain.internalDoFilter(ApplicationFilterChain.java:235)
	at org.apache.catalina.core.ApplicationFilterChain.doFilter(ApplicationFilterChain.java:206)
	at org.codehaus.groovy.grails.web.servlet.filter.GrailsReloadServletFilter.doFilterInternal(GrailsReloadServletFilter.java:104)
	at org.springframework.web.filter.OncePerRequestFilter.doFilter(OncePerRequestFilter.java:76)
	at org.apache.catalina.core.ApplicationFilterChain.internalDoFilter(ApplicationFilterChain.java:235)
	at org.apache.catalina.core.ApplicationFilterChain.doFilter(ApplicationFilterChain.java:206)
	at org.codehaus.groovy.grails.web.servlet.mvc.GrailsWebRequestFilter.doFilterInternal(GrailsWebRequestFilter.java:69)
	at org.springframework.web.filter.OncePerRequestFilter.doFilter(OncePerRequestFilter.java:76)
	at org.apache.catalina.core.ApplicationFilterChain.internalDoFilter(ApplicationFilterChain.java:235)
	at org.apache.catalina.core.ApplicationFilterChain.doFilter(ApplicationFilterChain.java:206)
	at org.codehaus.groovy.grails.web.filters.HiddenHttpMethodFilter.doFilterInternal(HiddenHttpMethodFilter.java:69)
	at org.springframework.web.filter.OncePerRequestFilter.doFilter(OncePerRequestFilter.java:76)
	at org.apache.catalina.core.ApplicationFilterChain.internalDoFilter(ApplicationFilterChain.java:235)
	at org.apache.catalina.core.ApplicationFilterChain.doFilter(ApplicationFilterChain.java:206)
	at org.springframework.web.filter.CharacterEncodingFilter.doFilterInternal(CharacterEncodingFilter.java:88)
	at org.springframework.web.filter.OncePerRequestFilter.doFilter(OncePerRequestFilter.java:76)
	at org.springframework.web.filter.DelegatingFilterProxy.invokeDelegate(DelegatingFilterProxy.java:237)
	at org.springframework.web.filter.DelegatingFilterProxy.doFilter(DelegatingFilterProxy.java:167)
	at org.apache.catalina.core.ApplicationFilterChain.internalDoFilter(ApplicationFilterChain.java:235)
	at org.apache.catalina.core.ApplicationFilterChain.doFilter(ApplicationFilterChain.java:206)
	at org.apache.catalina.core.StandardWrapperValve.invoke(StandardWrapperValve.java:233)
	at org.apache.catalina.core.StandardContextValve.invoke(StandardContextValve.java:191)
	at org.apache.catalina.core.StandardHostValve.invoke(StandardHostValve.java:128)
	at org.apache.catalina.valves.ErrorReportValve.invoke(ErrorReportValve.java:102)
	at org.apache.catalina.core.StandardEngineValve.invoke(StandardEngineValve.java:109)
	at org.apache.catalina.connector.CoyoteAdapter.service(CoyoteAdapter.java:293)
	at org.apache.coyote.http11.Http11Processor.process(Http11Processor.java:849)
	at org.apache.coyote.http11.Http11Protocol$Http11ConnectionHandler.process(Http11Protocol.java:583)
	at org.apache.tomcat.util.net.JIoEndpoint$Worker.run(JIoEndpoint.java:454)
	at java.lang.Thread.run(Thread.java:680)
Caused by: java.lang.NullPointerException: Cannot get property 'id' on null object
	at Users_Roofimon_Workspace_Opendream_Grails_openmessenger_grails_app_views_event_listAllEvents_gsp$_run_closure2_closure10.doCall(Users_Roofimon_Workspace_Opendream_Grails_openmessenger_grails_app_views_event_listAllEvents_gsp:36)
	at Users_Roofimon_Workspace_Opendream_Grails_openmessenger_grails_app_views_event_listAllEvents_gsp$_run_closure2.doCall(Users_Roofimon_Workspace_Opendream_Grails_openmessenger_grails_app_views_event_listAllEvents_gsp:36)
	at Users_Roofimon_Workspace_Opendream_Grails_openmessenger_grails_app_views_event_listAllEvents_gsp$_run_closure2.doCall(Users_Roofimon_Workspace_Opendream_Grails_openmessenger_grails_app_views_event_listAllEvents_gsp)
	at Users_Roofimon_Workspace_Opendream_Grails_openmessenger_grails_app_views_event_listAllEvents_gsp.run(Users_Roofimon_Workspace_Opendream_Grails_openmessenger_grails_app_views_event_listAllEvents_gsp:56)
	... 1 more
2011-07-21 18:06:05,641 [http-8080-4] ERROR StackTrace  - Sanitizing stacktrace:
java.lang.NullPointerException: Cannot get property 'id' on null object
	at Users_Roofimon_Workspace_Opendream_Grails_openmessenger_grails_app_views_event_listAllEvents_gsp$_run_closure2_closure10.doCall(Users_Roofimon_Workspace_Opendream_Grails_openmessenger_grails_app_views_event_listAllEvents_gsp:36)
	at Users_Roofimon_Workspace_Opendream_Grails_openmessenger_grails_app_views_event_listAllEvents_gsp$_run_closure2.doCall(Users_Roofimon_Workspace_Opendream_Grails_openmessenger_grails_app_views_event_listAllEvents_gsp:36)
	at Users_Roofimon_Workspace_Opendream_Grails_openmessenger_grails_app_views_event_listAllEvents_gsp$_run_closure2.doCall(Users_Roofimon_Workspace_Opendream_Grails_openmessenger_grails_app_views_event_listAllEvents_gsp)
	at Users_Roofimon_Workspace_Opendream_Grails_openmessenger_grails_app_views_event_listAllEvents_gsp.run(Users_Roofimon_Workspace_Opendream_Grails_openmessenger_grails_app_views_event_listAllEvents_gsp:56)
	at java.lang.Thread.run(Thread.java:680)
2011-07-21 18:06:05,641 [http-8080-4] ERROR StackTrace  - Sanitizing stacktrace:
org.codehaus.groovy.grails.web.pages.exceptions.GroovyPagesException: Error evaluating expression [taskInstance.id] on line [29]: Cannot get property 'id' on null object
	at Users_Roofimon_Workspace_Opendream_Grails_openmessenger_grails_app_views_event_listAllEvents_gsp$_run_closure2.doCall(Users_Roofimon_Workspace_Opendream_Grails_openmessenger_grails_app_views_event_listAllEvents_gsp:36)
	at Users_Roofimon_Workspace_Opendream_Grails_openmessenger_grails_app_views_event_listAllEvents_gsp$_run_closure2.doCall(Users_Roofimon_Workspace_Opendream_Grails_openmessenger_grails_app_views_event_listAllEvents_gsp)
	at Users_Roofimon_Workspace_Opendream_Grails_openmessenger_grails_app_views_event_listAllEvents_gsp.run(Users_Roofimon_Workspace_Opendream_Grails_openmessenger_grails_app_views_event_listAllEvents_gsp:56)
	at java.lang.Thread.run(Thread.java:680)
Caused by: java.lang.NullPointerException: Cannot get property 'id' on null object
	at Users_Roofimon_Workspace_Opendream_Grails_openmessenger_grails_app_views_event_listAllEvents_gsp$_run_closure2_closure10.doCall(Users_Roofimon_Workspace_Opendream_Grails_openmessenger_grails_app_views_event_listAllEvents_gsp:36)
	... 4 more
